<?xml version="1.0" encoding="UTF-8"?>
<!-- Generated by org.testng.reporters.JUnitReportReporter -->
<testsuite hostname="fedora" failures="0" tests="2" name="gq.paxy.stqa.P12" time="0.010" errors="0" timestamp="2023-10-18T21:29:51 IST" skipped="0">
  <testcase classname="gq.paxy.stqa.P12" name="f" time="0.007"/>
  <system-out/>
  <testcase classname="gq.paxy.stqa.P12" name="f1" time="0.003"/>
  <system-out/>
</testsuite> <!-- gq.paxy.stqa.P12 -->
